1740641038.650429 client started (6010): version 3.3a, socket /tmp/tmux-1001/default, protocol 8
1740641038.650734 on Linux 5.15.167.4-microsoft-standard-WSL2 #1 SMP Tue Nov 5 00:21:55 UTC 2024
1740641038.651051 using libevent 2.1.12-stable (poll); ncurses 6.3
1740641038.651647 flags are 0x10010000
1740641038.651814 socket is /tmp/tmux-1001/default
1740641038.651899 trying connect
1740641038.652036 add peer 0x7f0006069130: 6 (0)
1740641038.652514 sending message 100 to peer 0x7f0006069130 (4 bytes)
1740641038.652625 sending message 111 to peer 0x7f0006069130 (8 bytes)
1740641038.652789 sending message 101 to peer 0x7f0006069130 (14 bytes)
1740641038.652880 sending message 109 to peer 0x7f0006069130 (4 bytes)
1740641038.653145 sending message 102 to peer 0x7f0006069130 (11 bytes)
1740641038.653240 sending message 108 to peer 0x7f0006069130 (39 bytes)
1740641038.653323 sending message 112 to peer 0x7f0006069130 (70 bytes)
1740641038.653408 sending message 112 to peer 0x7f0006069130 (5 bytes)
1740641038.653547 sending message 112 to peer 0x7f0006069130 (5 bytes)
1740641038.653632 sending message 112 to peer 0x7f0006069130 (6 bytes)
1740641038.653719 sending message 112 to peer 0x7f0006069130 (6 bytes)
1740641038.653802 sending message 112 to peer 0x7f0006069130 (11 bytes)
1740641038.653883 sending message 112 to peer 0x7f0006069130 (10 bytes)
1740641038.653964 sending message 112 to peer 0x7f0006069130 (13 bytes)
1740641038.654048 sending message 112 to peer 0x7f0006069130 (13 bytes)
1740641038.654370 sending message 112 to peer 0x7f0006069130 (18 bytes)
1740641038.654776 sending message 112 to peer 0x7f0006069130 (11 bytes)
1740641038.655078 sending message 112 to peer 0x7f0006069130 (10 bytes)
1740641038.655455 sending message 112 to peer 0x7f0006069130 (15 bytes)
1740641038.655790 sending message 112 to peer 0x7f0006069130 (21 bytes)
1740641038.656143 sending message 112 to peer 0x7f0006069130 (13 bytes)
1740641038.656448 sending message 112 to peer 0x7f0006069130 (7 bytes)
1740641038.656781 sending message 112 to peer 0x7f0006069130 (13 bytes)
1740641038.656953 sending message 112 to peer 0x7f0006069130 (7 bytes)
1740641038.657175 sending message 112 to peer 0x7f0006069130 (13 bytes)
1740641038.657411 sending message 112 to peer 0x7f0006069130 (9 bytes)
1740641038.657721 sending message 112 to peer 0x7f0006069130 (21 bytes)
1740641038.657849 sending message 112 to peer 0x7f0006069130 (13 bytes)
1740641038.657946 sending message 112 to peer 0x7f0006069130 (8 bytes)
1740641038.658035 sending message 112 to peer 0x7f0006069130 (12 bytes)
1740641038.658150 sending message 112 to peer 0x7f0006069130 (13 bytes)
1740641038.658246 sending message 112 to peer 0x7f0006069130 (9 bytes)
1740641038.658341 sending message 112 to peer 0x7f0006069130 (9 bytes)
1740641038.658446 sending message 112 to peer 0x7f0006069130 (12 bytes)
1740641038.658575 sending message 112 to peer 0x7f0006069130 (8 bytes)
1740641038.658960 sending message 112 to peer 0x7f0006069130 (8 bytes)
1740641038.659468 sending message 112 to peer 0x7f0006069130 (7 bytes)
1740641038.659650 sending message 112 to peer 0x7f0006069130 (7 bytes)
1740641038.660037 sending message 112 to peer 0x7f0006069130 (9 bytes)
1740641038.660440 sending message 112 to peer 0x7f0006069130 (13 bytes)
1740641038.660931 sending message 112 to peer 0x7f0006069130 (6 bytes)
1740641038.661329 sending message 112 to peer 0x7f0006069130 (9 bytes)
1740641038.661677 sending message 112 to peer 0x7f0006069130 (15 bytes)
1740641038.661890 sending message 112 to peer 0x7f0006069130 (13 bytes)
1740641038.662264 sending message 112 to peer 0x7f0006069130 (12 bytes)
1740641038.662654 sending message 112 to peer 0x7f0006069130 (8 bytes)
1740641038.662993 sending message 112 to peer 0x7f0006069130 (14 bytes)
1740641038.663376 sending message 112 to peer 0x7f0006069130 (11 bytes)
1740641038.663807 sending message 112 to peer 0x7f0006069130 (9 bytes)
1740641038.664169 sending message 112 to peer 0x7f0006069130 (10 bytes)
1740641038.664542 sending message 112 to peer 0x7f0006069130 (10 bytes)
1740641038.664901 sending message 112 to peer 0x7f0006069130 (10 bytes)
1740641038.665319 sending message 112 to peer 0x7f0006069130 (10 bytes)
1740641038.665708 sending message 112 to peer 0x7f0006069130 (11 bytes)
1740641038.666065 sending message 112 to peer 0x7f0006069130 (12 bytes)
1740641038.666444 sending message 112 to peer 0x7f0006069130 (12 bytes)
1740641038.666816 sending message 112 to peer 0x7f0006069130 (12 bytes)
1740641038.667169 sending message 112 to peer 0x7f0006069130 (12 bytes)
1740641038.667542 sending message 112 to peer 0x7f0006069130 (12 bytes)
1740641038.667912 sending message 112 to peer 0x7f0006069130 (11 bytes)
1740641038.668270 sending message 112 to peer 0x7f0006069130 (11 bytes)
1740641038.668711 sending message 112 to peer 0x7f0006069130 (12 bytes)
1740641038.669076 sending message 112 to peer 0x7f0006069130 (12 bytes)
1740641038.669439 sending message 112 to peer 0x7f0006069130 (12 bytes)
1740641038.669662 sending message 112 to peer 0x7f0006069130 (12 bytes)
1740641038.670044 sending message 112 to peer 0x7f0006069130 (12 bytes)
1740641038.670402 sending message 112 to peer 0x7f0006069130 (10 bytes)
1740641038.670761 sending message 112 to peer 0x7f0006069130 (12 bytes)
1740641038.671124 sending message 112 to peer 0x7f0006069130 (13 bytes)
1740641038.671473 sending message 112 to peer 0x7f0006069130 (13 bytes)
1740641038.671730 sending message 112 to peer 0x7f0006069130 (13 bytes)
1740641038.672106 sending message 112 to peer 0x7f0006069130 (13 bytes)
1740641038.672463 sending message 112 to peer 0x7f0006069130 (13 bytes)
1740641038.672781 sending message 112 to peer 0x7f0006069130 (8 bytes)
1740641038.673040 sending message 112 to peer 0x7f0006069130 (11 bytes)
1740641038.673431 sending message 112 to peer 0x7f0006069130 (11 bytes)
1740641038.673917 sending message 112 to peer 0x7f0006069130 (11 bytes)
1740641038.674341 sending message 112 to peer 0x7f0006069130 (12 bytes)
1740641038.674561 sending message 112 to peer 0x7f0006069130 (12 bytes)
1740641038.674693 sending message 112 to peer 0x7f0006069130 (12 bytes)
1740641038.674801 sending message 112 to peer 0x7f0006069130 (12 bytes)
1740641038.674910 sending message 112 to peer 0x7f0006069130 (13 bytes)
1740641038.675038 sending message 112 to peer 0x7f0006069130 (13 bytes)
1740641038.675147 sending message 112 to peer 0x7f0006069130 (13 bytes)
1740641038.675278 sending message 112 to peer 0x7f0006069130 (8 bytes)
1740641038.675437 sending message 112 to peer 0x7f0006069130 (13 bytes)
1740641038.675784 sending message 112 to peer 0x7f0006069130 (13 bytes)
1740641038.675985 sending message 112 to peer 0x7f0006069130 (13 bytes)
1740641038.676270 sending message 112 to peer 0x7f0006069130 (13 bytes)
1740641038.676459 sending message 112 to peer 0x7f0006069130 (13 bytes)
1740641038.676740 sending message 112 to peer 0x7f0006069130 (12 bytes)
1740641038.676901 sending message 112 to peer 0x7f0006069130 (12 bytes)
1740641038.677206 sending message 112 to peer 0x7f0006069130 (12 bytes)
1740641038.677514 sending message 112 to peer 0x7f0006069130 (12 bytes)
1740641038.677815 sending message 112 to peer 0x7f0006069130 (13 bytes)
1740641038.678003 sending message 112 to peer 0x7f0006069130 (8 bytes)
1740641038.678153 sending message 112 to peer 0x7f0006069130 (13 bytes)
1740641038.678303 sending message 112 to peer 0x7f0006069130 (13 bytes)
1740641038.678440 sending message 112 to peer 0x7f0006069130 (13 bytes)
1740641038.678600 sending message 112 to peer 0x7f0006069130 (13 bytes)
1740641038.678743 sending message 112 to peer 0x7f0006069130 (13 bytes)
1740641038.678882 sending message 112 to peer 0x7f0006069130 (13 bytes)
1740641038.679019 sending message 112 to peer 0x7f0006069130 (13 bytes)
1740641038.679164 sending message 112 to peer 0x7f0006069130 (12 bytes)
1740641038.679294 sending message 112 to peer 0x7f0006069130 (12 bytes)
1740641038.679440 sending message 112 to peer 0x7f0006069130 (12 bytes)
1740641038.679596 sending message 112 to peer 0x7f0006069130 (8 bytes)
1740641038.679695 sending message 112 to peer 0x7f0006069130 (12 bytes)
1740641038.679871 sending message 112 to peer 0x7f0006069130 (13 bytes)
1740641038.680053 sending message 112 to peer 0x7f0006069130 (13 bytes)
1740641038.680188 sending message 112 to peer 0x7f0006069130 (13 bytes)
1740641038.680311 sending message 112 to peer 0x7f0006069130 (13 bytes)
1740641038.680434 sending message 112 to peer 0x7f0006069130 (13 bytes)
1740641038.680557 sending message 112 to peer 0x7f0006069130 (13 bytes)
1740641038.680677 sending message 112 to peer 0x7f0006069130 (13 bytes)
1740641038.680806 sending message 112 to peer 0x7f0006069130 (13 bytes)
1740641038.680930 sending message 112 to peer 0x7f0006069130 (12 bytes)
1740641038.681052 sending message 112 to peer 0x7f0006069130 (10 bytes)
1740641038.681201 sending message 112 to peer 0x7f0006069130 (12 bytes)
1740641038.681320 sending message 112 to peer 0x7f0006069130 (12 bytes)
1740641038.681448 sending message 112 to peer 0x7f0006069130 (12 bytes)
1740641038.681584 sending message 112 to peer 0x7f0006069130 (13 bytes)
1740641038.681703 sending message 112 to peer 0x7f0006069130 (13 bytes)
1740641038.681825 sending message 112 to peer 0x7f0006069130 (13 bytes)
1740641038.681951 sending message 112 to peer 0x7f0006069130 (13 bytes)
1740641038.682068 sending message 112 to peer 0x7f0006069130 (13 bytes)
1740641038.682195 sending message 112 to peer 0x7f0006069130 (13 bytes)
1740641038.682311 sending message 112 to peer 0x7f0006069130 (13 bytes)
1740641038.682428 sending message 112 to peer 0x7f0006069130 (10 bytes)
1740641038.682544 sending message 112 to peer 0x7f0006069130 (13 bytes)
1740641038.682659 sending message 112 to peer 0x7f0006069130 (12 bytes)
1740641038.682770 sending message 112 to peer 0x7f0006069130 (12 bytes)
1740641038.682909 sending message 112 to peer 0x7f0006069130 (12 bytes)
1740641038.683035 sending message 112 to peer 0x7f0006069130 (10 bytes)
1740641038.683156 sending message 112 to peer 0x7f0006069130 (10 bytes)
1740641038.683280 sending message 112 to peer 0x7f0006069130 (10 bytes)
1740641038.683400 sending message 112 to peer 0x7f0006069130 (12 bytes)
1740641038.683521 sending message 112 to peer 0x7f0006069130 (13 bytes)
1740641038.683644 sending message 112 to peer 0x7f0006069130 (13 bytes)
1740641038.683782 sending message 112 to peer 0x7f0006069130 (13 bytes)
1740641038.683907 sending message 112 to peer 0x7f0006069130 (13 bytes)
1740641038.684041 sending message 112 to peer 0x7f0006069130 (13 bytes)
1740641038.684173 sending message 112 to peer 0x7f0006069130 (11 bytes)
1740641038.684294 sending message 112 to peer 0x7f0006069130 (11 bytes)
1740641038.684417 sending message 112 to peer 0x7f0006069130 (12 bytes)
1740641038.684538 sending message 112 to peer 0x7f0006069130 (12 bytes)
1740641038.684658 sending message 112 to peer 0x7f0006069130 (12 bytes)
1740641038.684783 sending message 112 to peer 0x7f0006069130 (12 bytes)
1740641038.684906 sending message 112 to peer 0x7f0006069130 (12 bytes)
1740641038.685029 sending message 112 to peer 0x7f0006069130 (11 bytes)
1740641038.685157 sending message 112 to peer 0x7f0006069130 (12 bytes)
1740641038.685286 sending message 112 to peer 0x7f0006069130 (12 bytes)
1740641038.685423 sending message 112 to peer 0x7f0006069130 (13 bytes)
1740641038.685548 sending message 112 to peer 0x7f0006069130 (13 bytes)
1740641038.685679 sending message 112 to peer 0x7f0006069130 (13 bytes)
1740641038.685805 sending message 112 to peer 0x7f0006069130 (13 bytes)
1740641038.685927 sending message 112 to peer 0x7f0006069130 (13 bytes)
1740641038.686050 sending message 112 to peer 0x7f0006069130 (10 bytes)
1740641038.686174 sending message 112 to peer 0x7f0006069130 (9 bytes)
1740641038.686309 sending message 112 to peer 0x7f0006069130 (12 bytes)
1740641038.686435 sending message 112 to peer 0x7f0006069130 (13 bytes)
1740641038.686558 sending message 112 to peer 0x7f0006069130 (13 bytes)
1740641038.686687 sending message 112 to peer 0x7f0006069130 (13 bytes)
1740641038.686809 sending message 112 to peer 0x7f0006069130 (13 bytes)
1740641038.686941 sending message 112 to peer 0x7f0006069130 (13 bytes)
1740641038.687066 sending message 112 to peer 0x7f0006069130 (9 bytes)
1740641038.687189 sending message 112 to peer 0x7f0006069130 (12 bytes)
1740641038.687309 sending message 112 to peer 0x7f0006069130 (13 bytes)
1740641038.687431 sending message 112 to peer 0x7f0006069130 (13 bytes)
1740641038.687550 sending message 112 to peer 0x7f0006069130 (13 bytes)
1740641038.687672 sending message 112 to peer 0x7f0006069130 (13 bytes)
1740641038.687794 sending message 112 to peer 0x7f0006069130 (13 bytes)
1740641038.687921 sending message 112 to peer 0x7f0006069130 (11 bytes)
1740641038.688044 sending message 112 to peer 0x7f0006069130 (12 bytes)
1740641038.688170 sending message 112 to peer 0x7f0006069130 (13 bytes)
1740641038.688310 sending message 112 to peer 0x7f0006069130 (13 bytes)
1740641038.688434 sending message 112 to peer 0x7f0006069130 (13 bytes)
1740641038.688555 sending message 112 to peer 0x7f0006069130 (13 bytes)
1740641038.688756 sending message 112 to peer 0x7f0006069130 (13 bytes)
1740641038.688844 sending message 112 to peer 0x7f0006069130 (11 bytes)
1740641038.688945 sending message 112 to peer 0x7f0006069130 (12 bytes)
1740641038.689036 sending message 112 to peer 0x7f0006069130 (12 bytes)
1740641038.689119 sending message 112 to peer 0x7f0006069130 (12 bytes)
1740641038.689187 sending message 112 to peer 0x7f0006069130 (12 bytes)
1740641038.689267 sending message 112 to peer 0x7f0006069130 (12 bytes)
1740641038.689397 sending message 112 to peer 0x7f0006069130 (21 bytes)
1740641038.689544 sending message 112 to peer 0x7f0006069130 (12 bytes)
1740641038.689644 sending message 112 to peer 0x7f0006069130 (9 bytes)
1740641038.689811 sending message 112 to peer 0x7f0006069130 (6 bytes)
1740641038.689957 sending message 112 to peer 0x7f0006069130 (8 bytes)
1740641038.690100 sending message 112 to peer 0x7f0006069130 (15 bytes)
1740641038.690242 sending message 112 to peer 0x7f0006069130 (13 bytes)
1740641038.690383 sending message 112 to peer 0x7f0006069130 (9 bytes)
1740641038.690523 sending message 112 to peer 0x7f0006069130 (70 bytes)
1740641038.690663 sending message 112 to peer 0x7f0006069130 (69 bytes)
1740641038.690803 sending message 112 to peer 0x7f0006069130 (10 bytes)
1740641038.690943 sending message 112 to peer 0x7f0006069130 (10 bytes)
1740641038.691142 sending message 112 to peer 0x7f0006069130 (8 bytes)
1740641038.691255 sending message 112 to peer 0x7f0006069130 (15 bytes)
1740641038.691353 sending message 112 to peer 0x7f0006069130 (13 bytes)
1740641038.691425 sending message 112 to peer 0x7f0006069130 (10 bytes)
1740641038.691498 sending message 112 to peer 0x7f0006069130 (10 bytes)
1740641038.691593 sending message 112 to peer 0x7f0006069130 (17 bytes)
1740641038.691681 sending message 112 to peer 0x7f0006069130 (10 bytes)
1740641038.691792 sending message 112 to peer 0x7f0006069130 (13 bytes)
1740641038.691937 sending message 112 to peer 0x7f0006069130 (9 bytes)
1740641038.692157 sending message 112 to peer 0x7f0006069130 (5 bytes)
1740641038.692309 sending message 112 to peer 0x7f0006069130 (15 bytes)
1740641038.692435 sending message 104 to peer 0x7f0006069130 (0 bytes)
1740641038.692573 sending message 110 to peer 0x7f0006069130 (0 bytes)
1740641038.692712 sending message 107 to peer 0x7f0006069130 (4 bytes)
1740641038.692858 sending message 105 to peer 0x7f0006069130 (34 bytes)
1740641038.692983 sending message 105 to peer 0x7f0006069130 (11 bytes)
1740641038.693115 sending message 105 to peer 0x7f0006069130 (8 bytes)
1740641038.693245 sending message 105 to peer 0x7f0006069130 (53 bytes)
1740641038.693370 sending message 105 to peer 0x7f0006069130 (17 bytes)
1740641038.693493 sending message 105 to peer 0x7f0006069130 (32 bytes)
1740641038.693614 sending message 105 to peer 0x7f0006069130 (26 bytes)
1740641038.693738 sending message 105 to peer 0x7f0006069130 (27 bytes)
1740641038.693862 sending message 105 to peer 0x7f0006069130 (11 bytes)
1740641038.693982 sending message 105 to peer 0x7f0006069130 (46 bytes)
1740641038.694106 sending message 105 to peer 0x7f0006069130 (23 bytes)
1740641038.694226 sending message 105 to peer 0x7f0006069130 (26 bytes)
1740641038.694404 sending message 105 to peer 0x7f0006069130 (14 bytes)
1740641038.694543 sending message 105 to peer 0x7f0006069130 (10 bytes)
1740641038.694663 sending message 105 to peer 0x7f0006069130 (40 bytes)
1740641038.694782 sending message 105 to peer 0x7f0006069130 (33 bytes)
1740641038.694906 sending message 105 to peer 0x7f0006069130 (16 bytes)
1740641038.695028 sending message 105 to peer 0x7f0006069130 (19 bytes)
1740641038.695157 sending message 105 to peer 0x7f0006069130 (13 bytes)
1740641038.695278 sending message 105 to peer 0x7f0006069130 (1907 bytes)
1740641038.695414 sending message 105 to peer 0x7f0006069130 (48 bytes)
1740641038.695542 sending message 105 to peer 0x7f0006069130 (38 bytes)
1740641038.695672 sending message 105 to peer 0x7f0006069130 (11 bytes)
1740641038.695793 sending message 105 to peer 0x7f0006069130 (13 bytes)
1740641038.695912 sending message 105 to peer 0x7f0006069130 (18 bytes)
1740641038.696040 sending message 105 to peer 0x7f0006069130 (15 bytes)
1740641038.696173 sending message 105 to peer 0x7f0006069130 (43 bytes)
1740641038.696301 sending message 105 to peer 0x7f0006069130 (14 bytes)
1740641038.696426 sending message 105 to peer 0x7f0006069130 (16 bytes)
1740641038.696554 sending message 105 to peer 0x7f0006069130 (13 bytes)
1740641038.696683 sending message 105 to peer 0x7f0006069130 (24 bytes)
1740641038.696805 sending message 105 to peer 0x7f0006069130 (33 bytes)
1740641038.696927 sending message 105 to peer 0x7f0006069130 (8 bytes)
1740641038.697048 sending message 105 to peer 0x7f0006069130 (32 bytes)
1740641038.697166 sending message 105 to peer 0x7f0006069130 (96 bytes)
1740641038.697287 sending message 106 to peer 0x7f0006069130 (0 bytes)
1740641038.697478 sending message 200 to peer 0x7f0006069130 (4 bytes)
1740641038.697581 client loop enter
1740641038.697967 peer 0x7f0006069130 message 303
1740641038.698096 open write file 2 -
1740641038.698224 sending message 305 to peer 0x7f0006069130 (8 bytes)
1740641038.698336 write check file 2
1740641038.698553 peer 0x7f0006069130 message 304
1740641038.698672 write 58 to file 2
1740641038.698791 peer 0x7f0006069130 message 203
1740641038.698904 file 2 58 bytes left
1740641038.699061 write check file 2
1740641038.699367 client loop exit
